# JRE version: OpenJDK Runtime Environment (8.0_202) (build 1.8.0_202-release-1483-b49-5587405)
# Java VM: OpenJDK 64-Bit Server VM (25.202-b49-5587405 mixed mode linux-amd64 compressed oops)
Heap:
 PSYoungGen      total 152064K, used 14842K [0x00000000e0000000, 0x00000000ecd80000, 0x0000000100000000)
  eden space 137216K, 0% used [0x00000000e0000000,0x00000000e0000000,0x00000000e8600000)
  from space 14848K, 99% used [0x00000000ebf00000,0x00000000ecd7e930,0x00000000ecd80000)
  to   space 14848K, 0% used [0x00000000e8600000,0x00000000e8600000,0x00000000e9480000)
 ParOldGen       total 62976K, used 30488K [0x00000000a0000000, 0x00000000a3d80000, 0x00000000e0000000)
  object space 62976K, 48% used [0x00000000a0000000,0x00000000a1dc6238,0x00000000a3d80000)
 Metaspace       used 64153K, capacity 66220K, committed 66304K, reserved 1105920K
  class space    used 8707K, capacity 9203K, committed 9216K, reserved 1048576K
GC Heap History (10 events):
Event: 16.934 GC heap after
Heap after GC invocations=14 (full 2):
 PSYoungGen      total 122368K, used 0K [0x00000000e0000000, 0x00000000e8f80000, 0x0000000100000000)
  eden space 112128K, 0% used [0x00000000e0000000,0x00000000e0000000,0x00000000e6d80000)
  from space 10240K, 0% used [0x00000000e7700000,0x00000000e7700000,0x00000000e8100000)
  to   space 9728K, 0% used [0x00000000e6d80000,0x00000000e6d80000,0x00000000e7700000)
 ParOldGen       total 38400K, used 15831K [0x00000000a0000000, 0x00000000a2580000, 0x00000000e0000000)
  object space 38400K, 41% used [0x00000000a0000000,0x00000000a0f75f40,0x00000000a2580000)
 Metaspace       used 34730K, capacity 35400K, committed 35456K, reserved 1079296K
  class space    used 4775K, capacity 4989K, committed 4992K, reserved 1048576K
}
Event: 21.505 GC heap before
{Heap before GC invocations=15 (full 2):
 PSYoungGen      total 122368K, used 112128K [0x00000000e0000000, 0x00000000e8f80000, 0x0000000100000000)
  eden space 112128K, 100% used [0x00000000e0000000,0x00000000e6d80000,0x00000000e6d80000)
  from space 10240K, 0% used [0x00000000e7700000,0x00000000e7700000,0x00000000e8100000)
  to   space 9728K, 0% used [0x00000000e6d80000,0x00000000e6d80000,0x00000000e7700000)
 ParOldGen       total 38400K, used 15831K [0x00000000a0000000, 0x00000000a2580000, 0x00000000e0000000)
  object space 38400K, 41% used [0x00000000a0000000,0x00000000a0f75f40,0x00000000a2580000)
 Metaspace       used 45228K, capacity 46276K, committed 46464K, reserved 1089536K
  class space    used 6110K, capacity 6413K, committed 6528K, reserved 1048576K
Event: 21.533 GC heap after
Heap after GC invocations=15 (full 2):
 PSYoungGen      total 121856K, used 9697K [0x00000000e0000000, 0x00000000ea100000, 0x0000000100000000)
  eden space 112128K, 0% used [0x00000000e0000000,0x00000000e0000000,0x00000000e6d80000)
  from space 9728K, 99% used [0x00000000e6d80000,0x00000000e76f8690,0x00000000e7700000)
  to   space 12800K, 0% used [0x00000000e9480000,0x00000000e9480000,0x00000000ea100000)
 ParOldGen       total 38400K, used 20880K [0x00000000a0000000, 0x00000000a2580000, 0x00000000e0000000)
  object space 38400K, 54% used [0x00000000a0000000,0x00000000a14642f0,0x00000000a2580000)
 Metaspace       used 45228K, capacity 46276K, committed 46464K, reserved 1089536K
  class space    used 6110K, capacity 6413K, committed 6528K, reserved 1048576K
}
Event: 26.081 GC heap before
{Heap before GC invocations=16 (full 2):
 PSYoungGen      total 121856K, used 121825K [0x00000000e0000000, 0x00000000ea100000, 0x0000000100000000)
  eden space 112128K, 100% used [0x00000000e0000000,0x00000000e6d80000,0x00000000e6d80000)
  from space 9728K, 99% used [0x00000000e6d80000,0x00000000e76f8690,0x00000000e7700000)
  to   space 12800K, 0% used [0x00000000e9480000,0x00000000e9480000,0x00000000ea100000)
 ParOldGen       total 38400K, used 20880K [0x00000000a0000000, 0x00000000a2580000, 0x00000000e0000000)
  object space 38400K, 54% used [0x00000000a0000000,0x00000000a14642f0,0x00000000a2580000)
 Metaspace       used 55309K, capacity 56754K, committed 56832K, reserved 1097728K
  class space    used 7529K, capacity 7914K, committed 7936K, reserved 1048576K
Event: 26.147 GC heap after
Heap after GC invocations=16 (full 2):
 PSYoungGen      total 150016K, used 12583K [0x00000000e0000000, 0x00000000ea600000, 0x0000000100000000)
  eden space 137216K, 0% used [0x00000000e0000000,0x00000000e0000000,0x00000000e8600000)
  from space 12800K, 98% used [0x00000000e9480000,0x00000000ea0c9ca0,0x00000000ea100000)
  to   space 14848K, 0% used [0x00000000e8600000,0x00000000e8600000,0x00000000e9480000)
 ParOldGen       total 38400K, used 28276K [0x00000000a0000000, 0x00000000a2580000, 0x00000000e0000000)
  object space 38400K, 73% used [0x00000000a0000000,0x00000000a1b9d3a8,0x00000000a2580000)
 Metaspace       used 55309K, capacity 56754K, committed 56832K, reserved 1097728K
  class space    used 7529K, capacity 7914K, committed 7936K, reserved 1048576K
}
Event: 31.878 GC heap before
{Heap before GC invocations=17 (full 2):
 PSYoungGen      total 150016K, used 46970K [0x00000000e0000000, 0x00000000ea600000, 0x0000000100000000)
  eden space 137216K, 25% used [0x00000000e0000000,0x00000000e2194b88,0x00000000e8600000)
  from space 12800K, 98% used [0x00000000e9480000,0x00000000ea0c9ca0,0x00000000ea100000)
  to   space 14848K, 0% used [0x00000000e8600000,0x00000000e8600000,0x00000000e9480000)
 ParOldGen       total 38400K, used 28276K [0x00000000a0000000, 0x00000000a2580000, 0x00000000e0000000)
  object space 38400K, 73% used [0x00000000a0000000,0x00000000a1b9d3a8,0x00000000a2580000)
 Metaspace       used 57316K, capacity 58968K, committed 59096K, reserved 1099776K
  class space    used 7797K, capacity 8227K, committed 8320K, reserved 1048576K
Event: 32.270 GC heap after
Heap after GC invocations=17 (full 2):
 PSYoungGen      total 152064K, used 8067K [0x00000000e0000000, 0x00000000ecd80000, 0x0000000100000000)
  eden space 137216K, 0% used [0x00000000e0000000,0x00000000e0000000,0x00000000e8600000)
  from space 14848K, 54% used [0x00000000e8600000,0x00000000e8de0d28,0x00000000e9480000)
  to   space 14848K, 0% used [0x00000000ebf00000,0x00000000ebf00000,0x00000000ecd80000)
 ParOldGen       total 38400K, used 28284K [0x00000000a0000000, 0x00000000a2580000, 0x00000000e0000000)
  object space 38400K, 73% used [0x00000000a0000000,0x00000000a1b9f3a8,0x00000000a2580000)
 Metaspace       used 57316K, capacity 58968K, committed 59096K, reserved 1099776K
  class space    used 7797K, capacity 8227K, committed 8320K, reserved 1048576K
}
Event: 32.307 GC heap before
{Heap before GC invocations=18 (full 3):
 PSYoungGen      total 152064K, used 8067K [0x00000000e0000000, 0x00000000ecd80000, 0x0000000100000000)
  eden space 137216K, 0% used [0x00000000e0000000,0x00000000e0000000,0x00000000e8600000)
  from space 14848K, 54% used [0x00000000e8600000,0x00000000e8de0d28,0x00000000e9480000)
  to   space 14848K, 0% used [0x00000000ebf00000,0x00000000ebf00000,0x00000000ecd80000)
 ParOldGen       total 38400K, used 28284K [0x00000000a0000000, 0x00000000a2580000, 0x00000000e0000000)
  object space 38400K, 73% used [0x00000000a0000000,0x00000000a1b9f3a8,0x00000000a2580000)
 Metaspace       used 57316K, capacity 58968K, committed 59096K, reserved 1099776K
  class space    used 7797K, capacity 8227K, committed 8320K, reserved 1048576K
Event: 33.445 GC heap after
Heap after GC invocations=18 (full 3):
 PSYoungGen      total 152064K, used 0K [0x00000000e0000000, 0x00000000ecd80000, 0x0000000100000000)
  eden space 137216K, 0% used [0x00000000e0000000,0x00000000e0000000,0x00000000e8600000)
  from space 14848K, 0% used [0x00000000e8600000,0x00000000e8600000,0x00000000e9480000)
  to   space 14848K, 0% used [0x00000000ebf00000,0x00000000ebf00000,0x00000000ecd80000)
 ParOldGen       total 62976K, used 29470K [0x00000000a0000000, 0x00000000a3d80000, 0x00000000e0000000)
  object space 62976K, 46% used [0x00000000a0000000,0x00000000a1cc7910,0x00000000a3d80000)
 Metaspace       used 57316K, capacity 58968K, committed 59096K, reserved 1099776K
  class space    used 7797K, capacity 8227K, committed 8320K, reserved 1048576K
}
Event: 58.316 GC heap before
{Heap before GC invocations=19 (full 3):
 PSYoungGen      total 152064K, used 137216K [0x00000000e0000000, 0x00000000ecd80000, 0x0000000100000000)
  eden space 137216K, 100% used [0x00000000e0000000,0x00000000e8600000,0x00000000e8600000)
  from space 14848K, 0% used [0x00000000e8600000,0x00000000e8600000,0x00000000e9480000)
  to   space 14848K, 0% used [0x00000000ebf00000,0x00000000ebf00000,0x00000000ecd80000)
 ParOldGen       total 62976K, used 29470K [0x00000000a0000000, 0x00000000a3d80000, 0x00000000e0000000)
  object space 62976K, 46% used [0x00000000a0000000,0x00000000a1cc7910,0x00000000a3d80000)
 Metaspace       used 64153K, capacity 66220K, committed 66304K, reserved 1105920K
  class space    used 8707K, capacity 9203K, committed 9216K, reserved 1048576K

