# JRE version: OpenJDK Runtime Environment (8.0_202) (build 1.8.0_202-release-1483-b49-5587405)
# Java VM: OpenJDK 64-Bit Server VM (25.202-b49-5587405 mixed mode linux-amd64 compressed oops)
Heap:
 PSYoungGen      total 270336K, used 60396K [0x00000000e0000000, 0x00000000f6180000, 0x0000000100000000)
  eden space 209920K, 0% used [0x00000000e0000000,0x00000000e0000000,0x00000000ecd00000)
  from space 60416K, 99% used [0x00000000f2680000,0x00000000f617b340,0x00000000f6180000)
  to   space 65024K, 0% used [0x00000000ecd00000,0x00000000ecd00000,0x00000000f0c80000)
 ParOldGen       total 200704K, used 151252K [0x00000000a0000000, 0x00000000ac400000, 0x00000000e0000000)
  object space 200704K, 75% used [0x00000000a0000000,0x00000000a93b52c8,0x00000000ac400000)
 Metaspace       used 96988K, capacity 100170K, committed 100568K, reserved 1136640K
  class space    used 12529K, capacity 13221K, committed 13312K, reserved 1048576K
GC Heap History (10 events):
Event: 85.565 GC heap after
Heap after GC invocations=23 (full 5):
 PSYoungGen      total 228352K, used 12654K [0x00000000e0000000, 0x00000000f3c00000, 0x0000000100000000)
  eden space 198144K, 0% used [0x00000000e0000000,0x00000000e0000000,0x00000000ec180000)
  from space 30208K, 41% used [0x00000000ef100000,0x00000000efd5bbb8,0x00000000f0e80000)
  to   space 48640K, 0% used [0x00000000ec180000,0x00000000ec180000,0x00000000ef100000)
 ParOldGen       total 175616K, used 110535K [0x00000000a0000000, 0x00000000aab80000, 0x00000000e0000000)
  object space 175616K, 62% used [0x00000000a0000000,0x00000000a6bf1ca8,0x00000000aab80000)
 Metaspace       used 76233K, capacity 78272K, committed 78424K, reserved 1118208K
  class space    used 9774K, capacity 10278K, committed 10368K, reserved 1048576K
}
Event: 99.961 GC heap before
{Heap before GC invocations=24 (full 5):
 PSYoungGen      total 228352K, used 210798K [0x00000000e0000000, 0x00000000f3c00000, 0x0000000100000000)
  eden space 198144K, 100% used [0x00000000e0000000,0x00000000ec180000,0x00000000ec180000)
  from space 30208K, 41% used [0x00000000ef100000,0x00000000efd5bbb8,0x00000000f0e80000)
  to   space 48640K, 0% used [0x00000000ec180000,0x00000000ec180000,0x00000000ef100000)
 ParOldGen       total 175616K, used 110535K [0x00000000a0000000, 0x00000000aab80000, 0x00000000e0000000)
  object space 175616K, 62% used [0x00000000a0000000,0x00000000a6bf1ca8,0x00000000aab80000)
 Metaspace       used 85524K, capacity 88208K, committed 88536K, reserved 1126400K
  class space    used 11062K, capacity 11674K, committed 11776K, reserved 1048576K
Event: 100.083 GC heap after
Heap after GC invocations=24 (full 5):
 PSYoungGen      total 246784K, used 19480K [0x00000000e0000000, 0x00000000f3a00000, 0x0000000100000000)
  eden space 198144K, 0% used [0x00000000e0000000,0x00000000e0000000,0x00000000ec180000)
  from space 48640K, 40% used [0x00000000ec180000,0x00000000ed486358,0x00000000ef100000)
  to   space 46592K, 0% used [0x00000000f0c80000,0x00000000f0c80000,0x00000000f3a00000)
 ParOldGen       total 175616K, used 123297K [0x00000000a0000000, 0x00000000aab80000, 0x00000000e0000000)
  object space 175616K, 70% used [0x00000000a0000000,0x00000000a7868530,0x00000000aab80000)
 Metaspace       used 85524K, capacity 88208K, committed 88536K, reserved 1126400K
  class space    used 11062K, capacity 11674K, committed 11776K, reserved 1048576K
}
Event: 104.926 GC heap before
{Heap before GC invocations=25 (full 5):
 PSYoungGen      total 246784K, used 217534K [0x00000000e0000000, 0x00000000f3a00000, 0x0000000100000000)
  eden space 198144K, 99% used [0x00000000e0000000,0x00000000ec169628,0x00000000ec180000)
  from space 48640K, 40% used [0x00000000ec180000,0x00000000ed486358,0x00000000ef100000)
  to   space 46592K, 0% used [0x00000000f0c80000,0x00000000f0c80000,0x00000000f3a00000)
 ParOldGen       total 175616K, used 123297K [0x00000000a0000000, 0x00000000aab80000, 0x00000000e0000000)
  object space 175616K, 70% used [0x00000000a0000000,0x00000000a7868530,0x00000000aab80000)
 Metaspace       used 87952K, capacity 90832K, committed 90968K, reserved 1128448K
  class space    used 11432K, capacity 12088K, committed 12160K, reserved 1048576K
Event: 105.699 GC heap after
Heap after GC invocations=25 (full 5):
 PSYoungGen      total 256512K, used 46587K [0x00000000e0000000, 0x00000000f6c00000, 0x0000000100000000)
  eden space 209920K, 0% used [0x00000000e0000000,0x00000000e0000000,0x00000000ecd00000)
  from space 46592K, 99% used [0x00000000f0c80000,0x00000000f39fedd0,0x00000000f3a00000)
  to   space 65024K, 0% used [0x00000000ecd00000,0x00000000ecd00000,0x00000000f0c80000)
 ParOldGen       total 175616K, used 150595K [0x00000000a0000000, 0x00000000aab80000, 0x00000000e0000000)
  object space 175616K, 85% used [0x00000000a0000000,0x00000000a9310cd0,0x00000000aab80000)
 Metaspace       used 87952K, capacity 90832K, committed 90968K, reserved 1128448K
  class space    used 11432K, capacity 12088K, committed 12160K, reserved 1048576K
}
Event: 105.699 GC heap before
{Heap before GC invocations=26 (full 6):
 PSYoungGen      total 256512K, used 46587K [0x00000000e0000000, 0x00000000f6c00000, 0x0000000100000000)
  eden space 209920K, 0% used [0x00000000e0000000,0x00000000e0000000,0x00000000ecd00000)
  from space 46592K, 99% used [0x00000000f0c80000,0x00000000f39fedd0,0x00000000f3a00000)
  to   space 65024K, 0% used [0x00000000ecd00000,0x00000000ecd00000,0x00000000f0c80000)
 ParOldGen       total 175616K, used 150595K [0x00000000a0000000, 0x00000000aab80000, 0x00000000e0000000)
  object space 175616K, 85% used [0x00000000a0000000,0x00000000a9310cd0,0x00000000aab80000)
 Metaspace       used 87952K, capacity 90832K, committed 90968K, reserved 1128448K
  class space    used 11432K, capacity 12088K, committed 12160K, reserved 1048576K
Event: 109.879 GC heap after
Heap after GC invocations=26 (full 6):
 PSYoungGen      total 256512K, used 0K [0x00000000e0000000, 0x00000000f6c00000, 0x0000000100000000)
  eden space 209920K, 0% used [0x00000000e0000000,0x00000000e0000000,0x00000000ecd00000)
  from space 46592K, 0% used [0x00000000f0c80000,0x00000000f0c80000,0x00000000f3a00000)
  to   space 65024K, 0% used [0x00000000ecd00000,0x00000000ecd00000,0x00000000f0c80000)
 ParOldGen       total 200704K, used 120308K [0x00000000a0000000, 0x00000000ac400000, 0x00000000e0000000)
  object space 200704K, 59% used [0x00000000a0000000,0x00000000a757d368,0x00000000ac400000)
 Metaspace       used 87940K, capacity 90794K, committed 90968K, reserved 1128448K
  class space    used 11428K, capacity 12081K, committed 12160K, reserved 1048576K
}
Event: 239.739 GC heap before
{Heap before GC invocations=27 (full 6):
 PSYoungGen      total 256512K, used 209920K [0x00000000e0000000, 0x00000000f6c00000, 0x0000000100000000)
  eden space 209920K, 100% used [0x00000000e0000000,0x00000000ecd00000,0x00000000ecd00000)
  from space 46592K, 0% used [0x00000000f0c80000,0x00000000f0c80000,0x00000000f3a00000)
  to   space 65024K, 0% used [0x00000000ecd00000,0x00000000ecd00000,0x00000000f0c80000)
 ParOldGen       total 200704K, used 120308K [0x00000000a0000000, 0x00000000ac400000, 0x00000000e0000000)
  object space 200704K, 59% used [0x00000000a0000000,0x00000000a757d368,0x00000000ac400000)
 Metaspace       used 90663K, capacity 93828K, committed 93912K, reserved 1130496K
  class space    used 11828K, capacity 12516K, committed 12544K, reserved 1048576K
Event: 242.197 GC heap after
Heap after GC invocations=27 (full 6):
 PSYoungGen      total 274944K, used 22098K [0x00000000e0000000, 0x00000000f6180000, 0x0000000100000000)
  eden space 209920K, 0% used [0x00000000e0000000,0x00000000e0000000,0x00000000ecd00000)
  from space 65024K, 33% used [0x00000000ecd00000,0x00000000ee294b10,0x00000000f0c80000)
  to   space 60416K, 0% used [0x00000000f2680000,0x00000000f2680000,0x00000000f6180000)
 ParOldGen       total 200704K, used 120316K [0x00000000a0000000, 0x00000000ac400000, 0x00000000e0000000)
  object space 200704K, 59% used [0x00000000a0000000,0x00000000a757f368,0x00000000ac400000)
 Metaspace       used 90663K, capacity 93828K, committed 93912K, reserved 1130496K
  class space    used 11828K, capacity 12516K, committed 12544K, reserved 1048576K
}
Event: 250.839 GC heap before
{Heap before GC invocations=28 (full 6):
 PSYoungGen      total 274944K, used 232018K [0x00000000e0000000, 0x00000000f6180000, 0x0000000100000000)
  eden space 209920K, 100% used [0x00000000e0000000,0x00000000ecd00000,0x00000000ecd00000)
  from space 65024K, 33% used [0x00000000ecd00000,0x00000000ee294b10,0x00000000f0c80000)
  to   space 60416K, 0% used [0x00000000f2680000,0x00000000f2680000,0x00000000f6180000)
 ParOldGen       total 200704K, used 120316K [0x00000000a0000000, 0x00000000ac400000, 0x00000000e0000000)
  object space 200704K, 59% used [0x00000000a0000000,0x00000000a757f368,0x00000000ac400000)
 Metaspace       used 96988K, capacity 100170K, committed 100568K, reserved 1136640K
  class space    used 12529K, capacity 13221K, committed 13312K, reserved 1048576K

